<?xml version="1.0" encoding="UTF-8" ?>
<testsuites>
  <testsuite errors="0" failures="0" hostname="host517.homenet.telecomitalia.it" id="0" name="TaskTests" package="it.avanscoperta.gtask" tests="10" time="0.312" timestamp="2010-01-08T20:39:10">
      <properties />

      <testcase classname="it.avanscoperta.gtask.TaskTests" name="test_Task_created_is_not_null" time="0.274" />

      <testcase classname="it.avanscoperta.gtask.TaskTests" name="test_Task_creation_date_is_not_null" time="0.0040" />

      <testcase classname="it.avanscoperta.gtask.TaskTests" name="test_Task_created_is_not_overdue" time="0.0030" />

      <testcase classname="it.avanscoperta.gtask.TaskTests" name="test_Task_created_is_not_completed" time="0.0050" />

      <testcase classname="it.avanscoperta.gtask.TaskTests" name="test_Task_completed_is_completed" time="0.0030" />

      <testcase classname="it.avanscoperta.gtask.TaskTests" name="test_Task_completion_date_is_today" time="0.0040" />

      <testcase classname="it.avanscoperta.gtask.TaskTests" name="test_Task_with_future_due_date_is_not_overdue" time="0.0070" />

      <testcase classname="it.avanscoperta.gtask.TaskTests" name="test_Task_with_past_due_date_is_overdue" time="0.0030" />

      <testcase classname="it.avanscoperta.gtask.TaskTests" name="test_Reopened_task_is_not_completed" time="0.0030" />

      <testcase classname="it.avanscoperta.gtask.TaskTests" name="test_Reopened_task_has_no_completion_date" time="0.0030" />

      <system-out><![CDATA[--Output from test_Task_created_is_not_null--
--Output from test_Task_creation_date_is_not_null--
--Output from test_Task_created_is_not_overdue--
--Output from test_Task_created_is_not_completed--
--Output from test_Task_completed_is_completed--
--Output from test_Task_completion_date_is_today--
--Output from test_Task_with_future_due_date_is_not_overdue--
--Output from test_Task_with_past_due_date_is_overdue--
--Output from test_Reopened_task_is_not_completed--
--Output from test_Reopened_task_has_no_completion_date--
]]></system-out>

      <system-err><![CDATA[--Output from test_Task_created_is_not_null--
--Output from test_Task_creation_date_is_not_null--
--Output from test_Task_created_is_not_overdue--
--Output from test_Task_created_is_not_completed--
--Output from test_Task_completed_is_completed--
--Output from test_Task_completion_date_is_today--
--Output from test_Task_with_future_due_date_is_not_overdue--
--Output from test_Task_with_past_due_date_is_overdue--
--Output from test_Reopened_task_is_not_completed--
--Output from test_Reopened_task_has_no_completion_date--
]]></system-err>

  </testsuite>
</testsuites>
